This file contains any messages produced by compilers while
running configure, to aid debugging if configure makes a mistake.

It was created by libsecp256k1 configure 0.1, which was
generated by GNU Autoconf 2.69.  Invocation command line was

  $ ./configure --disable-option-checking --prefix=/home/victor/viacore-viacoin/depends/x86_64-pc-linux-gnu --disable-shared --with-pic --with-bignum=no --enable-module-recovery --cache-file=/dev/null --srcdir=.

## --------- ##
## Platform. ##
## --------- ##

hostname = ubuntu
uname -m = x86_64
uname -r = 4.4.0-142-generic
uname -s = Linux
uname -v = #168~14.04.1-Ubuntu SMP Sat Jan 19 11:26:28 UTC 2019

/usr/bin/uname -p = unknown
/bin/uname -X     = unknown

/bin/arch              = unknown
/usr/bin/arch -k       = unknown
/usr/convex/getsysinfo = unknown
/usr/bin/hostinfo      = unknown
/bin/machine           = unknown
/usr/bin/oslevel       = unknown
/bin/universe          = unknown

PATH: /home/victor/viacore-viacoin/depends/x86_64-pc-linux-gnu/share/../native/bin
PATH: /usr/local/sbin
PATH: /usr/local/bin
PATH: /usr/sbin
PATH: /usr/bin
PATH: /sbin
PATH: /bin
PATH: /snap/bin


## ----------- ##
## Core tests. ##
## ----------- ##

configure:2254: loading site script /home/victor/viacore-viacoin/depends/x86_64-pc-linux-gnu/share/config.site
| depends_prefix="`dirname ${ac_site_file}`/.."
| 
| cross_compiling=maybe
| host_alias=x86_64-pc-linux-gnu
| ac_tool_prefix=${host_alias}-
| 
| if test -z $with_boost; then
|   with_boost=$depends_prefix
| fi
| if test -z $with_qt_plugindir; then
|   with_qt_plugindir=$depends_prefix/plugins
| fi
| if test -z $with_qt_translationdir; then
|   with_qt_translationdir=$depends_prefix/translations
| fi
| if test -z $with_qt_bindir; then
|   with_qt_bindir=$depends_prefix/native/bin
| fi
| if test -z $with_protoc_bindir; then
|   with_protoc_bindir=$depends_prefix/native/bin
| fi
| # Disable comparison tool
| #if test -z $with_comparison_tool; then
| #  with_comparison_tool=$depends_prefix/native/share/BitcoindComparisonTool_jar/BitcoindComparisonTool.jar
| #fi
| 
| 
| if test -z $enable_wallet && test -n ""; then
|   enable_wallet=no
| fi
| 
| if test -z $with_miniupnpc && test -n ""; then
|   with_miniupnpc=no
| fi
| 
| if test -z $with_gui && test -n ""; then
|   with_gui=no
| fi
| 
| if test xlinux = xdarwin; then
|   BREW=no
|   PORT=no
| fi
| 
| if test xlinux = xmingw32; then
|   if test -z $with_qt_incdir; then
|     with_qt_incdir=$depends_prefix/include
|   fi
|   if test -z $with_qt_libdir; then
|     with_qt_libdir=$depends_prefix/lib
|   fi
| fi
| 
| PATH=$depends_prefix/native/bin:$PATH
| PKG_CONFIG="`which pkg-config` --static"
| 
| # These two need to remain exported because pkg-config does not see them
| # otherwise. That means they must be unexported at the end of configure.ac to
| # avoid ruining the cache. Sigh.
| 
| export PKG_CONFIG_LIBDIR=$depends_prefix/lib/pkgconfig
| export PKG_CONFIG_PATH=$depends_prefix/share/pkgconfig
| 
| CPPFLAGS="-I$depends_prefix/include/ $CPPFLAGS"
| LDFLAGS="-L$depends_prefix/lib $LDFLAGS"
| 
| CC="gcc -m64"
| CXX="g++ -m64"
| OBJC="${CC}"
| OBJCXX="${CXX}"
| CCACHE=$depends_prefix/native/bin/ccache
| PYTHONPATH=$depends_prefix/native/lib/python/dist-packages:$PYTHONPATH
| 
| if test -n "ar"; then
|   AR=ar
|   ac_cv_path_ac_pt_AR=${AR}
| fi
| 
| if test -n "ranlib"; then
|   RANLIB=ranlib
|   ac_cv_path_ac_pt_RANLIB=${RANLIB}
| fi
| 
| if test -n "nm"; then
|   NM=nm
|   ac_cv_path_ac_pt_NM=${NM}
| fi
| 
| if test -n ""; then
|   enable_reduce_exports=no
| fi
| 
| if test -n "-pipe -O2"; then
|   CFLAGS="-pipe -O2 $CFLAGS"
| fi
| if test -n "-pipe -O2"; then
|   CXXFLAGS="-pipe -O2 $CXXFLAGS"
| fi
| if test -n ""; then
|   CPPFLAGS=" $CPPFLAGS"
| fi
| if test -n ""; then
|   LDFLAGS=" $LDFLAGS"
| fi
configure:2384: checking build system type
configure:2398: result: x86_64-unknown-linux-gnu
configure:2418: checking host system type
configure:2431: result: x86_64-pc-linux-gnu
configure:2470: checking for a BSD-compatible install
configure:2538: result: /usr/bin/install -c
configure:2549: checking whether build environment is sane
configure:2604: result: yes
configure:2663: checking for x86_64-pc-linux-gnu-strip
configure:2693: result: no
configure:2703: checking for strip
configure:2719: found /usr/bin/strip
configure:2730: result: strip
configure:2755: checking for a thread-safe mkdir -p
configure:2794: result: /bin/mkdir -p
configure:2801: checking for gawk
configure:2817: found /usr/bin/gawk
configure:2828: result: gawk
configure:2839: checking whether make sets $(MAKE)
configure:2861: result: yes
configure:2890: checking whether make supports nested variables
configure:2907: result: yes
configure:3078: checking how to print strings
configure:3105: result: printf
configure:3138: checking for style of include used by make
configure:3166: result: GNU
configure:3197: checking for x86_64-pc-linux-gnu-gcc
configure:3224: result: gcc -m64
configure:3493: checking for C compiler version
configure:3502: gcc -m64 --version >&5
gcc (Ubuntu 4.8.4-2ubuntu1~14.04.4) 4.8.4
Copyright (C) 2013 Free Software Foundation, Inc.
This is free software; see the source for copying conditions.  There is NO
warranty; not even for MERCHANTABILITY or FITNESS FOR A PARTICULAR PURPOSE.

configure:3513: $? = 0
configure:3502: gcc -m64 -v >&5
Using built-in specs.
COLLECT_GCC=gcc
COLLECT_LTO_WRAPPER=/usr/lib/gcc/x86_64-linux-gnu/4.8/lto-wrapper
Target: x86_64-linux-gnu
Configured with: ../src/configure -v --with-pkgversion='Ubuntu 4.8.4-2ubuntu1~14.04.4' --with-bugurl=file:///usr/share/doc/gcc-4.8/README.Bugs --enable-languages=c,c++,java,go,d,fortran,objc,obj-c++ --prefix=/usr --program-suffix=-4.8 --enable-shared --enable-linker-build-id --libexecdir=/usr/lib --without-included-gettext --enable-threads=posix --with-gxx-include-dir=/usr/include/c++/4.8 --libdir=/usr/lib --enable-nls --with-sysroot=/ --enable-clocale=gnu --enable-libstdcxx-debug --enable-libstdcxx-time=yes --enable-gnu-unique-object --disable-libmudflap --enable-plugin --with-system-zlib --disable-browser-plugin --enable-java-awt=gtk --enable-gtk-cairo --with-java-home=/usr/lib/jvm/java-1.5.0-gcj-4.8-amd64/jre --enable-java-home --with-jvm-root-dir=/usr/lib/jvm/java-1.5.0-gcj-4.8-amd64 --with-jvm-jar-dir=/usr/lib/jvm-exports/java-1.5.0-gcj-4.8-amd64 --with-arch-directory=amd64 --with-ecj-jar=/usr/share/java/eclipse-ecj.jar --enable-objc-gc --enable-multiarch --disable-werror --with-arch-32=i686 --with-abi=m64 --with-multilib-list=m32,m64,mx32 --with-tune=generic --enable-checking=release --build=x86_64-linux-gnu --host=x86_64-linux-gnu --target=x86_64-linux-gnu
Thread model: posix
gcc version 4.8.4 (Ubuntu 4.8.4-2ubuntu1~14.04.4) 
configure:3513: $? = 0
configure:3502: gcc -m64 -V >&5
gcc: error: unrecognized command line option '-V'
gcc: fatal error: no input files
compilation terminated.
configure:3513: $? = 4
configure:3502: gcc -m64 -qversion >&5
gcc: error: unrecognized command line option '-qversion'
gcc: fatal error: no input files
compilation terminated.
configure:3513: $? = 4
configure:3533: checking whether the C compiler works
configure:3555: gcc -m64 -pipe -O2  -I/home/victor/viacore-viacoin/depends/x86_64-pc-linux-gnu/share/../include/  -L/home/victor/viacore-viacoin/depends/x86_64-pc-linux-gnu/share/../lib  conftest.c  >&5
configure:3559: $? = 0
configure:3607: result: yes
configure:3610: checking for C compiler default output file name
configure:3612: result: a.out
configure:3618: checking for suffix of executables
configure:3625: gcc -m64 -o conftest -pipe -O2  -I/home/victor/viacore-viacoin/depends/x86_64-pc-linux-gnu/share/../include/  -L/home/victor/viacore-viacoin/depends/x86_64-pc-linux-gnu/share/../lib  conftest.c  >&5
configure:3629: $? = 0
configure:3651: result: 
configure:3673: checking whether we are cross compiling
configure:3681: gcc -m64 -o conftest -pipe -O2  -I/home/victor/viacore-viacoin/depends/x86_64-pc-linux-gnu/share/../include/  -L/home/victor/viacore-viacoin/depends/x86_64-pc-linux-gnu/share/../lib  conftest.c  >&5
configure:3685: $? = 0
configure:3692: ./conftest
configure:3696: $? = 0
configure:3711: result: no
configure:3716: checking for suffix of object files
configure:3738: gcc -m64 -c -pipe -O2  -I/home/victor/viacore-viacoin/depends/x86_64-pc-linux-gnu/share/../include/  conftest.c >&5
configure:3742: $? = 0
configure:3763: result: o
configure:3767: checking whether we are using the GNU C compiler
configure:3786: gcc -m64 -c -pipe -O2  -I/home/victor/viacore-viacoin/depends/x86_64-pc-linux-gnu/share/../include/  conftest.c >&5
configure:3786: $? = 0
configure:3795: result: yes
configure:3804: checking whether gcc -m64 accepts -g
configure:3824: gcc -m64 -c -g -I/home/victor/viacore-viacoin/depends/x86_64-pc-linux-gnu/share/../include/  conftest.c >&5
configure:3824: $? = 0
configure:3865: result: yes
configure:3882: checking for gcc -m64 option to accept ISO C89
configure:3945: gcc -m64  -c -pipe -O2  -I/home/victor/viacore-viacoin/depends/x86_64-pc-linux-gnu/share/../include/  conftest.c >&5
configure:3945: $? = 0
configure:3958: result: none needed
configure:3983: checking whether gcc -m64 understands -c and -o together
configure:4005: gcc -m64 -c conftest.c -o conftest2.o
configure:4008: $? = 0
configure:4005: gcc -m64 -c conftest.c -o conftest2.o
configure:4008: $? = 0
configure:4020: result: yes
configure:4039: checking dependency style of gcc -m64
configure:4150: result: gcc3
configure:4165: checking for a sed that does not truncate output
configure:4229: result: /bin/sed
configure:4247: checking for grep that handles long lines and -e
configure:4305: result: /bin/grep
configure:4310: checking for egrep
configure:4372: result: /bin/grep -E
configure:4377: checking for fgrep
configure:4439: result: /bin/grep -F
configure:4474: checking for ld used by gcc -m64
configure:4541: result: /usr/bin/ld
configure:4548: checking if the linker (/usr/bin/ld) is GNU ld
configure:4563: result: yes
configure:4575: checking for BSD- or MS-compatible name lister (nm)
configure:4624: result: nm
configure:4754: checking the name lister (nm) interface
configure:4761: gcc -m64 -c -pipe -O2  -I/home/victor/viacore-viacoin/depends/x86_64-pc-linux-gnu/share/../include/  conftest.c >&5
configure:4764: nm "conftest.o"
configure:4767: output
0000000000000000 B some_variable
configure:4774: result: BSD nm
configure:4777: checking whether ln -s works
configure:4781: result: yes
configure:4789: checking the maximum length of command line arguments
configure:4920: result: 1572864
configure:4937: checking whether the shell understands some XSI constructs
configure:4947: result: yes
configure:4951: checking whether the shell understands "+="
configure:4957: result: yes
configure:4992: checking how to convert x86_64-unknown-linux-gnu file names to x86_64-pc-linux-gnu format
configure:5032: result: func_convert_file_noop
configure:5039: checking how to convert x86_64-unknown-linux-gnu file names to toolchain format
configure:5059: result: func_convert_file_noop
configure:5066: checking for /usr/bin/ld option to reload object files
configure:5073: result: -r
configure:5107: checking for x86_64-pc-linux-gnu-objdump
configure:5137: result: no
configure:5147: checking for objdump
configure:5163: found /usr/bin/objdump
configure:5174: result: objdump
configure:5206: checking how to recognize dependent libraries
configure:5404: result: pass_all
configure:5449: checking for x86_64-pc-linux-gnu-dlltool
configure:5479: result: no
configure:5489: checking for dlltool
configure:5519: result: no
configure:5549: checking how to associate runtime and link libraries
configure:5576: result: printf %s\n
configure:5593: checking for x86_64-pc-linux-gnu-ar
configure:5620: result: ar
configure:5701: checking for archiver @FILE support
configure:5718: gcc -m64 -c -pipe -O2  -I/home/victor/viacore-viacoin/depends/x86_64-pc-linux-gnu/share/../include/  conftest.c >&5
configure:5718: $? = 0
configure:5721: ar cru libconftest.a @conftest.lst >&5
configure:5724: $? = 0
configure:5729: ar cru libconftest.a @conftest.lst >&5
ar: conftest.o: No such file or directory
configure:5732: $? = 1
configure:5744: result: @
configure:5762: checking for x86_64-pc-linux-gnu-strip
configure:5789: result: strip
configure:5861: checking for x86_64-pc-linux-gnu-ranlib
configure:5888: result: ranlib
configure:6030: checking command to parse nm output from gcc -m64 object
configure:6150: gcc -m64 -c -pipe -O2  -I/home/victor/viacore-viacoin/depends/x86_64-pc-linux-gnu/share/../include/  conftest.c >&5
configure:6153: $? = 0
configure:6157: nm conftest.o \| sed -n -e 's/^.*[ ]\([ABCDGIRSTW][ABCDGIRSTW]*\)[ ][ ]*\([_A-Za-z][_A-Za-z0-9]*\)$/\1 \2 \2/p' | sed '/ __gnu_lto/d' \> conftest.nm
configure:6160: $? = 0
configure:6226: gcc -m64 -o conftest -pipe -O2  -I/home/victor/viacore-viacoin/depends/x86_64-pc-linux-gnu/share/../include/  -L/home/victor/viacore-viacoin/depends/x86_64-pc-linux-gnu/share/../lib  conftest.c conftstm.o >&5
configure:6229: $? = 0
configure:6267: result: ok
configure:6304: checking for sysroot
configure:6334: result: no
configure:6411: gcc -m64 -c -pipe -O2  -I/home/victor/viacore-viacoin/depends/x86_64-pc-linux-gnu/share/../include/  conftest.c >&5
configure:6414: $? = 0
configure:6563: checking for x86_64-pc-linux-gnu-mt
configure:6593: result: no
configure:6603: checking for mt
configure:6619: found /bin/mt
configure:6630: result: mt
configure:6653: checking if mt is a manifest tool
configure:6659: mt '-?'
configure:6667: result: no
configure:7309: checking how to run the C preprocessor
configure:7340: gcc -m64 -E -I/home/victor/viacore-viacoin/depends/x86_64-pc-linux-gnu/share/../include/  conftest.c
configure:7340: $? = 0
configure:7354: gcc -m64 -E -I/home/victor/viacore-viacoin/depends/x86_64-pc-linux-gnu/share/../include/  conftest.c
conftest.c:11:28: fatal error: ac_nonexistent.h: No such file or directory
 #include <ac_nonexistent.h>
                            ^
compilation terminated.
configure:7354: $? = 1
configure: failed program was:
| /* confdefs.h */
| #define PACKAGE_NAME "libsecp256k1"
| #define PACKAGE_TARNAME "libsecp256k1"
| #define PACKAGE_VERSION "0.1"
| #define PACKAGE_STRING "libsecp256k1 0.1"
| #define PACKAGE_BUGREPORT ""
| #define PACKAGE_URL ""
| #define PACKAGE "libsecp256k1"
| #define VERSION "0.1"
| /* end confdefs.h.  */
| #include <ac_nonexistent.h>
configure:7379: result: gcc -m64 -E
configure:7399: gcc -m64 -E -I/home/victor/viacore-viacoin/depends/x86_64-pc-linux-gnu/share/../include/  conftest.c
configure:7399: $? = 0
configure:7413: gcc -m64 -E -I/home/victor/viacore-viacoin/depends/x86_64-pc-linux-gnu/share/../include/  conftest.c
conftest.c:11:28: fatal error: ac_nonexistent.h: No such file or directory
 #include <ac_nonexistent.h>
                            ^
compilation terminated.
configure:7413: $? = 1
configure: failed program was:
| /* confdefs.h */
| #define PACKAGE_NAME "libsecp256k1"
| #define PACKAGE_TARNAME "libsecp256k1"
| #define PACKAGE_VERSION "0.1"
| #define PACKAGE_STRING "libsecp256k1 0.1"
| #define PACKAGE_BUGREPORT ""
| #define PACKAGE_URL ""
| #define PACKAGE "libsecp256k1"
| #define VERSION "0.1"
| /* end confdefs.h.  */
| #include <ac_nonexistent.h>
configure:7442: checking for ANSI C header files
configure:7462: gcc -m64 -c -pipe -O2  -I/home/victor/viacore-viacoin/depends/x86_64-pc-linux-gnu/share/../include/  conftest.c >&5
configure:7462: $? = 0
configure:7535: gcc -m64 -o conftest -pipe -O2  -I/home/victor/viacore-viacoin/depends/x86_64-pc-linux-gnu/share/../include/  -L/home/victor/viacore-viacoin/depends/x86_64-pc-linux-gnu/share/../lib  conftest.c  >&5
configure:7535: $? = 0
configure:7535: ./conftest
configure:7535: $? = 0
configure:7546: result: yes
configure:7559: checking for sys/types.h
configure:7559: gcc -m64 -c -pipe -O2  -I/home/victor/viacore-viacoin/depends/x86_64-pc-linux-gnu/share/../include/  conftest.c >&5
configure:7559: $? = 0
configure:7559: result: yes
configure:7559: checking for sys/stat.h
configure:7559: gcc -m64 -c -pipe -O2  -I/home/victor/viacore-viacoin/depends/x86_64-pc-linux-gnu/share/../include/  conftest.c >&5
configure:7559: $? = 0
configure:7559: result: yes
configure:7559: checking for stdlib.h
configure:7559: gcc -m64 -c -pipe -O2  -I/home/victor/viacore-viacoin/depends/x86_64-pc-linux-gnu/share/../include/  conftest.c >&5
configure:7559: $? = 0
configure:7559: result: yes
configure:7559: checking for string.h
configure:7559: gcc -m64 -c -pipe -O2  -I/home/victor/viacore-viacoin/depends/x86_64-pc-linux-gnu/share/../include/  conftest.c >&5
configure:7559: $? = 0
configure:7559: result: yes
configure:7559: checking for memory.h
configure:7559: gcc -m64 -c -pipe -O2  -I/home/victor/viacore-viacoin/depends/x86_64-pc-linux-gnu/share/../include/  conftest.c >&5
configure:7559: $? = 0
configure:7559: result: yes
configure:7559: checking for strings.h
configure:7559: gcc -m64 -c -pipe -O2  -I/home/victor/viacore-viacoin/depends/x86_64-pc-linux-gnu/share/../include/  conftest.c >&5
configure:7559: $? = 0
configure:7559: result: yes
configure:7559: checking for inttypes.h
configure:7559: gcc -m64 -c -pipe -O2  -I/home/victor/viacore-viacoin/depends/x86_64-pc-linux-gnu/share/../include/  conftest.c >&5
configure:7559: $? = 0
configure:7559: result: yes
configure:7559: checking for stdint.h
configure:7559: gcc -m64 -c -pipe -O2  -I/home/victor/viacore-viacoin/depends/x86_64-pc-linux-gnu/share/../include/  conftest.c >&5
configure:7559: $? = 0
configure:7559: result: yes
configure:7559: checking for unistd.h
configure:7559: gcc -m64 -c -pipe -O2  -I/home/victor/viacore-viacoin/depends/x86_64-pc-linux-gnu/share/../include/  conftest.c >&5
configure:7559: $? = 0
configure:7559: result: yes
configure:7573: checking for dlfcn.h
configure:7573: gcc -m64 -c -pipe -O2  -I/home/victor/viacore-viacoin/depends/x86_64-pc-linux-gnu/share/../include/  conftest.c >&5
configure:7573: $? = 0
configure:7573: result: yes
configure:7779: checking for objdir
configure:7794: result: .libs
configure:8065: checking if gcc -m64 supports -fno-rtti -fno-exceptions
configure:8083: gcc -m64 -c -pipe -O2  -I/home/victor/viacore-viacoin/depends/x86_64-pc-linux-gnu/share/../include/  -fno-rtti -fno-exceptions conftest.c >&5
cc1: warning: command line option '-fno-rtti' is valid for C++/ObjC++ but not for C [enabled by default]
configure:8087: $? = 0
configure:8100: result: no
configure:8427: checking for gcc -m64 option to produce PIC
configure:8434: result: -fPIC -DPIC
configure:8442: checking if gcc -m64 PIC flag -fPIC -DPIC works
configure:8460: gcc -m64 -c -pipe -O2  -I/home/victor/viacore-viacoin/depends/x86_64-pc-linux-gnu/share/../include/  -fPIC -DPIC -DPIC conftest.c >&5
configure:8464: $? = 0
configure:8477: result: yes
configure:8506: checking if gcc -m64 static flag -static works
configure:8534: result: yes
configure:8549: checking if gcc -m64 supports -c -o file.o
configure:8570: gcc -m64 -c -pipe -O2  -I/home/victor/viacore-viacoin/depends/x86_64-pc-linux-gnu/share/../include/  -o out/conftest2.o conftest.c >&5
configure:8574: $? = 0
configure:8596: result: yes
configure:8604: checking if gcc -m64 supports -c -o file.o
configure:8651: result: yes
configure:8684: checking whether the gcc -m64 linker (/usr/bin/ld -m elf_x86_64) supports shared libraries
configure:9841: result: yes
configure:10081: checking dynamic linker characteristics
configure:10581: gcc -m64 -o conftest -pipe -O2  -I/home/victor/viacore-viacoin/depends/x86_64-pc-linux-gnu/share/../include/  -L/home/victor/viacore-viacoin/depends/x86_64-pc-linux-gnu/share/../lib  -Wl,-rpath -Wl,/foo conftest.c  >&5
configure:10581: $? = 0
configure:10815: result: GNU/Linux ld.so
configure:10922: checking how to hardcode library paths into programs
configure:10947: result: immediate
configure:11487: checking whether stripping libraries is possible
configure:11492: result: yes
configure:11527: checking if libtool supports shared libraries
configure:11529: result: yes
configure:11532: checking whether to build shared libraries
configure:11553: result: no
configure:11556: checking whether to build static libraries
configure:11560: result: yes
configure:11609: checking whether make supports nested variables
configure:11626: result: yes
configure:11649: checking for x86_64-pc-linux-gnu-pkg-config
configure:11679: result: /usr/bin/pkg-config --static
configure:11747: checking pkg-config is at least version 0.9.0
configure:11750: result: yes
configure:11762: checking for x86_64-pc-linux-gnu-ar
configure:11795: result: no
configure:11805: checking for ar
configure:11835: result: ar
configure:11860: checking for x86_64-pc-linux-gnu-ranlib
configure:11893: result: no
configure:11903: checking for ranlib
configure:11933: result: ranlib
configure:11958: checking for x86_64-pc-linux-gnu-strip
configure:11991: result: no
configure:12001: checking for strip
configure:12019: found /usr/bin/strip
configure:12031: result: /usr/bin/strip
configure:12109: checking for gcc
configure:12125: found /usr/bin/gcc
configure:12136: result: gcc
configure:12365: checking for C compiler version
configure:12374: gcc --version >&5
gcc (Ubuntu 4.8.4-2ubuntu1~14.04.4) 4.8.4
Copyright (C) 2013 Free Software Foundation, Inc.
This is free software; see the source for copying conditions.  There is NO
warranty; not even for MERCHANTABILITY or FITNESS FOR A PARTICULAR PURPOSE.

configure:12385: $? = 0
configure:12374: gcc -v >&5
Using built-in specs.
COLLECT_GCC=gcc
COLLECT_LTO_WRAPPER=/usr/lib/gcc/x86_64-linux-gnu/4.8/lto-wrapper
Target: x86_64-linux-gnu
Configured with: ../src/configure -v --with-pkgversion='Ubuntu 4.8.4-2ubuntu1~14.04.4' --with-bugurl=file:///usr/share/doc/gcc-4.8/README.Bugs --enable-languages=c,c++,java,go,d,fortran,objc,obj-c++ --prefix=/usr --program-suffix=-4.8 --enable-shared --enable-linker-build-id --libexecdir=/usr/lib --without-included-gettext --enable-threads=posix --with-gxx-include-dir=/usr/include/c++/4.8 --libdir=/usr/lib --enable-nls --with-sysroot=/ --enable-clocale=gnu --enable-libstdcxx-debug --enable-libstdcxx-time=yes --enable-gnu-unique-object --disable-libmudflap --enable-plugin --with-system-zlib --disable-browser-plugin --enable-java-awt=gtk --enable-gtk-cairo --with-java-home=/usr/lib/jvm/java-1.5.0-gcj-4.8-amd64/jre --enable-java-home --with-jvm-root-dir=/usr/lib/jvm/java-1.5.0-gcj-4.8-amd64 --with-jvm-jar-dir=/usr/lib/jvm-exports/java-1.5.0-gcj-4.8-amd64 --with-arch-directory=amd64 --with-ecj-jar=/usr/share/java/eclipse-ecj.jar --enable-objc-gc --enable-multiarch --disable-werror --with-arch-32=i686 --with-abi=m64 --with-multilib-list=m32,m64,mx32 --with-tune=generic --enable-checking=release --build=x86_64-linux-gnu --host=x86_64-linux-gnu --target=x86_64-linux-gnu
Thread model: posix
gcc version 4.8.4 (Ubuntu 4.8.4-2ubuntu1~14.04.4) 
configure:12385: $? = 0
configure:12374: gcc -V >&5
gcc: error: unrecognized command line option '-V'
gcc: fatal error: no input files
compilation terminated.
configure:12385: $? = 4
configure:12374: gcc -qversion >&5
gcc: error: unrecognized command line option '-qversion'
gcc: fatal error: no input files
compilation terminated.
configure:12385: $? = 4
configure:12389: checking whether we are using the GNU C compiler
configure:12417: result: yes
configure:12426: checking whether gcc accepts -g
configure:12446: gcc -m64 -c -pipe -O2  -I/home/victor/viacore-viacoin/depends/x86_64-pc-linux-gnu/share/../include/  conftest.c >&5
configure:12446: $? = 0
configure:12487: result: yes
configure:12504: checking for gcc option to accept ISO C89
configure:12580: result: none needed
configure:12605: checking whether gcc understands -c and -o together
configure:12642: result: yes
configure:12661: checking dependency style of gcc
configure:12772: result: gcc3
configure:12792: checking how to run the C preprocessor
configure:12823: gcc -m64 -E -I/home/victor/viacore-viacoin/depends/x86_64-pc-linux-gnu/share/../include/  conftest.c
configure:12823: $? = 0
configure:12837: gcc -m64 -E -I/home/victor/viacore-viacoin/depends/x86_64-pc-linux-gnu/share/../include/  conftest.c
conftest.c:23:28: fatal error: ac_nonexistent.h: No such file or directory
 #include <ac_nonexistent.h>
                            ^
compilation terminated.
configure:12837: $? = 1
configure: failed program was:
| /* confdefs.h */
| #define PACKAGE_NAME "libsecp256k1"
| #define PACKAGE_TARNAME "libsecp256k1"
| #define PACKAGE_VERSION "0.1"
| #define PACKAGE_STRING "libsecp256k1 0.1"
| #define PACKAGE_BUGREPORT ""
| #define PACKAGE_URL ""
| #define PACKAGE "libsecp256k1"
| #define VERSION "0.1"
| #define STDC_HEADERS 1
| #define HAVE_SYS_TYPES_H 1
| #define HAVE_SYS_STAT_H 1
| #define HAVE_STDLIB_H 1
| #define HAVE_STRING_H 1
| #define HAVE_MEMORY_H 1
| #define HAVE_STRINGS_H 1
| #define HAVE_INTTYPES_H 1
| #define HAVE_STDINT_H 1
| #define HAVE_UNISTD_H 1
| #define HAVE_DLFCN_H 1
| #define LT_OBJDIR ".libs/"
| /* end confdefs.h.  */
| #include <ac_nonexistent.h>
configure:12862: result: gcc -E
configure:12882: gcc -m64 -E -I/home/victor/viacore-viacoin/depends/x86_64-pc-linux-gnu/share/../include/  conftest.c
configure:12882: $? = 0
configure:12896: gcc -m64 -E -I/home/victor/viacore-viacoin/depends/x86_64-pc-linux-gnu/share/../include/  conftest.c
conftest.c:23:28: fatal error: ac_nonexistent.h: No such file or directory
 #include <ac_nonexistent.h>
                            ^
compilation terminated.
configure:12896: $? = 1
configure: failed program was:
| /* confdefs.h */
| #define PACKAGE_NAME "libsecp256k1"
| #define PACKAGE_TARNAME "libsecp256k1"
| #define PACKAGE_VERSION "0.1"
| #define PACKAGE_STRING "libsecp256k1 0.1"
| #define PACKAGE_BUGREPORT ""
| #define PACKAGE_URL ""
| #define PACKAGE "libsecp256k1"
| #define VERSION "0.1"
| #define STDC_HEADERS 1
| #define HAVE_SYS_TYPES_H 1
| #define HAVE_SYS_STAT_H 1
| #define HAVE_STDLIB_H 1
| #define HAVE_STRING_H 1
| #define HAVE_MEMORY_H 1
| #define HAVE_STRINGS_H 1
| #define HAVE_INTTYPES_H 1
| #define HAVE_STDINT_H 1
| #define HAVE_UNISTD_H 1
| #define HAVE_DLFCN_H 1
| #define LT_OBJDIR ".libs/"
| /* end confdefs.h.  */
| #include <ac_nonexistent.h>
configure:12940: checking for gcc -m64 option to accept ISO C89
configure:13016: result: none needed
configure:13043: checking dependency style of gcc -m64
configure:13152: result: gcc3
configure:13278: checking if gcc -m64 supports -std=c89 -pedantic -Wall -Wextra -Wcast-align -Wnested-externs -Wshadow -Wstrict-prototypes -Wno-unused-function -Wno-long-long -Wno-overlength-strings
configure:13284: gcc -m64 -c -pipe -O2  -W -std=c89 -pedantic -Wall -Wextra -Wcast-align -Wnested-externs -Wshadow -Wstrict-prototypes -Wno-unused-function -Wno-long-long -Wno-overlength-strings -I/home/victor/viacore-viacoin/depends/x86_64-pc-linux-gnu/share/../include/  conftest.c >&5
configure:13284: $? = 0
configure:13285: result: yes
configure:13297: checking if gcc -m64 supports -fvisibility=hidden
configure:13303: gcc -m64 -c -pipe -O2  -W -std=c89 -pedantic -Wall -Wextra -Wcast-align -Wnested-externs -Wshadow -Wstrict-prototypes -Wno-unused-function -Wno-long-long -Wno-overlength-strings -fvisibility=hidden -I/home/victor/viacore-viacoin/depends/x86_64-pc-linux-gnu/share/../include/  conftest.c >&5
configure:13303: $? = 0
configure:13304: result: yes
configure:13430: checking for __int128
configure:13430: gcc -m64 -c -pipe -O2  -W -std=c89 -pedantic -Wall -Wextra -Wcast-align -Wnested-externs -Wshadow -Wstrict-prototypes -Wno-unused-function -Wno-long-long -Wno-overlength-strings -fvisibility=hidden -I/home/victor/viacore-viacoin/depends/x86_64-pc-linux-gnu/share/../include/  conftest.c >&5
conftest.c:57:1: warning: function declaration isn't a prototype [-Wstrict-prototypes]
 main ()
 ^
conftest.c: In function 'main':
conftest.c:59:13: warning: ISO C does not support '__int128' type [-Wpedantic]
 if (sizeof (__int128))
             ^
configure:13430: $? = 0
configure:13430: gcc -m64 -c -pipe -O2  -W -std=c89 -pedantic -Wall -Wextra -Wcast-align -Wnested-externs -Wshadow -Wstrict-prototypes -Wno-unused-function -Wno-long-long -Wno-overlength-strings -fvisibility=hidden -I/home/victor/viacore-viacoin/depends/x86_64-pc-linux-gnu/share/../include/  conftest.c >&5
conftest.c:57:1: warning: function declaration isn't a prototype [-Wstrict-prototypes]
 main ()
 ^
conftest.c: In function 'main':
conftest.c:59:14: warning: ISO C does not support '__int128' type [-Wpedantic]
 if (sizeof ((__int128)))
              ^
conftest.c:59:23: error: expected expression before ')' token
 if (sizeof ((__int128)))
                       ^
configure:13430: $? = 1
configure: failed program was:
| /* confdefs.h */
| #define PACKAGE_NAME "libsecp256k1"
| #define PACKAGE_TARNAME "libsecp256k1"
| #define PACKAGE_VERSION "0.1"
| #define PACKAGE_STRING "libsecp256k1 0.1"
| #define PACKAGE_BUGREPORT ""
| #define PACKAGE_URL ""
| #define PACKAGE "libsecp256k1"
| #define VERSION "0.1"
| #define STDC_HEADERS 1
| #define HAVE_SYS_TYPES_H 1
| #define HAVE_SYS_STAT_H 1
| #define HAVE_STDLIB_H 1
| #define HAVE_STRING_H 1
| #define HAVE_MEMORY_H 1
| #define HAVE_STRINGS_H 1
| #define HAVE_INTTYPES_H 1
| #define HAVE_STDINT_H 1
| #define HAVE_UNISTD_H 1
| #define HAVE_DLFCN_H 1
| #define LT_OBJDIR ".libs/"
| /* end confdefs.h.  */
| #include <stdio.h>
| #ifdef HAVE_SYS_TYPES_H
| # include <sys/types.h>
| #endif
| #ifdef HAVE_SYS_STAT_H
| # include <sys/stat.h>
| #endif
| #ifdef STDC_HEADERS
| # include <stdlib.h>
| # include <stddef.h>
| #else
| # ifdef HAVE_STDLIB_H
| #  include <stdlib.h>
| # endif
| #endif
| #ifdef HAVE_STRING_H
| # if !defined STDC_HEADERS && defined HAVE_MEMORY_H
| #  include <memory.h>
| # endif
| # include <string.h>
| #endif
| #ifdef HAVE_STRINGS_H
| # include <strings.h>
| #endif
| #ifdef HAVE_INTTYPES_H
| # include <inttypes.h>
| #endif
| #ifdef HAVE_STDINT_H
| # include <stdint.h>
| #endif
| #ifdef HAVE_UNISTD_H
| # include <unistd.h>
| #endif
| int
| main ()
| {
| if (sizeof ((__int128)))
| 	    return 0;
|   ;
|   return 0;
| }
configure:13430: result: yes
configure:13441: checking for __builtin_expect
configure:13447: gcc -m64 -c -pipe -O2  -W -std=c89 -pedantic -Wall -Wextra -Wcast-align -Wnested-externs -Wshadow -Wstrict-prototypes -Wno-unused-function -Wno-long-long -Wno-overlength-strings -fvisibility=hidden -I/home/victor/viacore-viacoin/depends/x86_64-pc-linux-gnu/share/../include/  conftest.c >&5
conftest.c:24:6: warning: function declaration isn't a prototype [-Wstrict-prototypes]
 void myfunc() {__builtin_expect(0,0);}
      ^
conftest.c: In function 'myfunc':
conftest.c:24:16: warning: statement with no effect [-Wunused-value]
 void myfunc() {__builtin_expect(0,0);}
                ^
configure:13447: $? = 0
configure:13448: result: yes
configure:13464: checking native compiler: gcc
configure:13479: gcc -o conftest -pipe -O2  -W -std=c89 -pedantic -Wall -Wextra -Wcast-align -Wnested-externs -Wshadow -Wstrict-prototypes -Wno-unused-function -Wno-long-long -Wno-overlength-strings -fvisibility=hidden -I/home/victor/viacore-viacoin/depends/x86_64-pc-linux-gnu/share/../include/  -L/home/victor/viacore-viacoin/depends/x86_64-pc-linux-gnu/share/../lib  conftest.c  >&5
conftest.c:27:1: warning: function declaration isn't a prototype [-Wstrict-prototypes]
 main ()
 ^
configure:13479: $? = 0
configure:13479: ./conftest
configure:13479: $? = 0
configure:13500: result: ok
configure:13510: checking for x86_64 assembly availability
configure:13527: gcc -m64 -c -pipe -O2  -W -std=c89 -pedantic -Wall -Wextra -Wcast-align -Wnested-externs -Wshadow -Wstrict-prototypes -Wno-unused-function -Wno-long-long -Wno-overlength-strings -fvisibility=hidden -I/home/victor/viacore-viacoin/depends/x86_64-pc-linux-gnu/share/../include/  conftest.c >&5
conftest.c:28:1: warning: function declaration isn't a prototype [-Wstrict-prototypes]
 main ()
 ^
conftest.c: In function 'main':
conftest.c:32:3: warning: 'tmp' is used uninitialized in this function [-Wuninitialized]
   __asm__ __volatile__("movq $0x100000000,%1; mulq %%rsi" : "+a"(a) : "S"(tmp) : "cc", "%rdx");
   ^
configure:13527: $? = 0
configure:13533: result: yes
configure:13881: checking for CRYPTO
configure:13888: $PKG_CONFIG --exists --print-errors "libcrypto"
configure:13891: $? = 0
configure:13905: $PKG_CONFIG --exists --print-errors "libcrypto"
configure:13908: $? = 0
configure:13946: result: yes
configure:13953: checking for main in -lcrypto
configure:13972: gcc -m64 -o conftest -pipe -O2  -W -std=c89 -pedantic -Wall -Wextra -Wcast-align -Wnested-externs -Wshadow -Wstrict-prototypes -Wno-unused-function -Wno-long-long -Wno-overlength-strings -fvisibility=hidden -I/home/victor/viacore-viacoin/depends/x86_64-pc-linux-gnu/share/../include/  -L/home/victor/viacore-viacoin/depends/x86_64-pc-linux-gnu/share/../lib  conftest.c -lcrypto   -L/home/victor/viacore-viacoin/depends/x86_64-pc-linux-gnu/lib -lcrypto -ldl   >&5
conftest.c:34:1: warning: function declaration isn't a prototype [-Wstrict-prototypes]
 main ()
 ^
configure:13972: $? = 0
configure:13981: result: yes
configure:14045: checking for EC functions in libcrypto
configure:14070: gcc -m64 -c -pipe -O2  -W -std=c89 -pedantic -Wall -Wextra -Wcast-align -Wnested-externs -Wshadow -Wstrict-prototypes -Wno-unused-function -Wno-long-long -Wno-overlength-strings -fvisibility=hidden -I/home/victor/viacore-viacoin/depends/x86_64-pc-linux-gnu/share/../include/  conftest.c >&5
conftest.c:37:1: warning: function declaration isn't a prototype [-Wstrict-prototypes]
 main ()
 ^
conftest.c: In function 'main':
conftest.c:44:5: warning: ISO C90 forbids mixed declarations and code [-Wpedantic]
     ECDSA_SIG *sig_openssl;
     ^
configure:14070: $? = 0
configure:14076: result: yes
configure:14118: checking for javac
configure:14136: found /usr/bin/javac
configure:14149: result: /usr/bin/javac
configure:14165: checking symlink for /usr/bin/javac
configure:14173: result: /etc/alternatives/javac
configure:14165: checking symlink for /etc/alternatives/javac
configure:14173: result: /usr/lib/jvm/java-8-openjdk-amd64/bin/javac
configure:14186: _JTOPDIR=/usr/lib/jvm/java-8-openjdk-amd64/bin
configure:14187: _JINC=/usr/lib/jvm/java-8-openjdk-amd64/bin/include
configure:14193: checking jni headers
configure:14213: result: /usr/lib/jvm/java-8-openjdk-amd64/include
configure:14252: WARNING: jni headers/dependencies not found. jni support disabled
configure:14292: checking whether byte ordering is bigendian
configure:14307: gcc -m64 -c -pipe -O2  -W -std=c89 -pedantic -Wall -Wextra -Wcast-align -Wnested-externs -Wshadow -Wstrict-prototypes -Wno-unused-function -Wno-long-long -Wno-overlength-strings -fvisibility=hidden -I/home/victor/viacore-viacoin/depends/x86_64-pc-linux-gnu/share/../include/  conftest.c >&5
conftest.c:36:9: error: unknown type name 'not'
         not a universal capable compiler
         ^
conftest.c:36:15: error: expected '=', ',', ';', 'asm' or '__attribute__' before 'universal'
         not a universal capable compiler
               ^
conftest.c:36:15: error: unknown type name 'universal'
configure:14307: $? = 1
configure: failed program was:
| /* confdefs.h */
| #define PACKAGE_NAME "libsecp256k1"
| #define PACKAGE_TARNAME "libsecp256k1"
| #define PACKAGE_VERSION "0.1"
| #define PACKAGE_STRING "libsecp256k1 0.1"
| #define PACKAGE_BUGREPORT ""
| #define PACKAGE_URL ""
| #define PACKAGE "libsecp256k1"
| #define VERSION "0.1"
| #define STDC_HEADERS 1
| #define HAVE_SYS_TYPES_H 1
| #define HAVE_SYS_STAT_H 1
| #define HAVE_STDLIB_H 1
| #define HAVE_STRING_H 1
| #define HAVE_MEMORY_H 1
| #define HAVE_STRINGS_H 1
| #define HAVE_INTTYPES_H 1
| #define HAVE_STDINT_H 1
| #define HAVE_UNISTD_H 1
| #define HAVE_DLFCN_H 1
| #define LT_OBJDIR ".libs/"
| #define HAVE___INT128 1
| #define HAVE_BUILTIN_EXPECT 1
| #define USE_ASM_X86_64 1
| #define USE_FIELD_5X52 1
| #define USE_NUM_NONE 1
| #define USE_FIELD_INV_BUILTIN 1
| #define USE_SCALAR_INV_BUILTIN 1
| #define USE_SCALAR_4X64 1
| #define HAVE_LIBCRYPTO 1
| #define ENABLE_OPENSSL_TESTS 1
| #define USE_ECMULT_STATIC_PRECOMPUTATION 1
| #define ENABLE_MODULE_RECOVERY 1
| /* end confdefs.h.  */
| #ifndef __APPLE_CC__
| 	       not a universal capable compiler
| 	     #endif
| 	     typedef int dummy;
| 
configure:14352: gcc -m64 -c -pipe -O2  -W -std=c89 -pedantic -Wall -Wextra -Wcast-align -Wnested-externs -Wshadow -Wstrict-prototypes -Wno-unused-function -Wno-long-long -Wno-overlength-strings -fvisibility=hidden -I/home/victor/viacore-viacoin/depends/x86_64-pc-linux-gnu/share/../include/  conftest.c >&5
conftest.c:39:1: warning: function declaration isn't a prototype [-Wstrict-prototypes]
 main ()
 ^
conftest.c: In function 'main':
conftest.c:42:8: error: unknown type name 'bogus'
        bogus endian macros
        ^
conftest.c:42:21: error: expected '=', ',', ';', 'asm' or '__attribute__' before 'macros'
        bogus endian macros
                     ^
configure:14352: $? = 1
configure: failed program was:
| /* confdefs.h */
| #define PACKAGE_NAME "libsecp256k1"
| #define PACKAGE_TARNAME "libsecp256k1"
| #define PACKAGE_VERSION "0.1"
| #define PACKAGE_STRING "libsecp256k1 0.1"
| #define PACKAGE_BUGREPORT ""
| #define PACKAGE_URL ""
| #define PACKAGE "libsecp256k1"
| #define VERSION "0.1"
| #define STDC_HEADERS 1
| #define HAVE_SYS_TYPES_H 1
| #define HAVE_SYS_STAT_H 1
| #define HAVE_STDLIB_H 1
| #define HAVE_STRING_H 1
| #define HAVE_MEMORY_H 1
| #define HAVE_STRINGS_H 1
| #define HAVE_INTTYPES_H 1
| #define HAVE_STDINT_H 1
| #define HAVE_UNISTD_H 1
| #define HAVE_DLFCN_H 1
| #define LT_OBJDIR ".libs/"
| #define HAVE___INT128 1
| #define HAVE_BUILTIN_EXPECT 1
| #define USE_ASM_X86_64 1
| #define USE_FIELD_5X52 1
| #define USE_NUM_NONE 1
| #define USE_FIELD_INV_BUILTIN 1
| #define USE_SCALAR_INV_BUILTIN 1
| #define USE_SCALAR_4X64 1
| #define HAVE_LIBCRYPTO 1
| #define ENABLE_OPENSSL_TESTS 1
| #define USE_ECMULT_STATIC_PRECOMPUTATION 1
| #define ENABLE_MODULE_RECOVERY 1
| /* end confdefs.h.  */
| #include <sys/types.h>
| 	     #include <sys/param.h>
| 
| int
| main ()
| {
| #if ! (defined BYTE_ORDER && defined BIG_ENDIAN 		     && defined LITTLE_ENDIAN && BYTE_ORDER && BIG_ENDIAN 		     && LITTLE_ENDIAN)
| 	      bogus endian macros
| 	     #endif
| 
|   ;
|   return 0;
| }
configure:14396: gcc -m64 -c -pipe -O2  -W -std=c89 -pedantic -Wall -Wextra -Wcast-align -Wnested-externs -Wshadow -Wstrict-prototypes -Wno-unused-function -Wno-long-long -Wno-overlength-strings -fvisibility=hidden -I/home/victor/viacore-viacoin/depends/x86_64-pc-linux-gnu/share/../include/  conftest.c >&5
conftest.c:38:1: warning: function declaration isn't a prototype [-Wstrict-prototypes]
 main ()
 ^
conftest.c: In function 'main':
conftest.c:41:8: error: unknown type name 'bogus'
        bogus endian macros
        ^
conftest.c:41:21: error: expected '=', ',', ';', 'asm' or '__attribute__' before 'macros'
        bogus endian macros
                     ^
configure:14396: $? = 1
configure: failed program was:
| /* confdefs.h */
| #define PACKAGE_NAME "libsecp256k1"
| #define PACKAGE_TARNAME "libsecp256k1"
| #define PACKAGE_VERSION "0.1"
| #define PACKAGE_STRING "libsecp256k1 0.1"
| #define PACKAGE_BUGREPORT ""
| #define PACKAGE_URL ""
| #define PACKAGE "libsecp256k1"
| #define VERSION "0.1"
| #define STDC_HEADERS 1
| #define HAVE_SYS_TYPES_H 1
| #define HAVE_SYS_STAT_H 1
| #define HAVE_STDLIB_H 1
| #define HAVE_STRING_H 1
| #define HAVE_MEMORY_H 1
| #define HAVE_STRINGS_H 1
| #define HAVE_INTTYPES_H 1
| #define HAVE_STDINT_H 1
| #define HAVE_UNISTD_H 1
| #define HAVE_DLFCN_H 1
| #define LT_OBJDIR ".libs/"
| #define HAVE___INT128 1
| #define HAVE_BUILTIN_EXPECT 1
| #define USE_ASM_X86_64 1
| #define USE_FIELD_5X52 1
| #define USE_NUM_NONE 1
| #define USE_FIELD_INV_BUILTIN 1
| #define USE_SCALAR_INV_BUILTIN 1
| #define USE_SCALAR_4X64 1
| #define HAVE_LIBCRYPTO 1
| #define ENABLE_OPENSSL_TESTS 1
| #define USE_ECMULT_STATIC_PRECOMPUTATION 1
| #define ENABLE_MODULE_RECOVERY 1
| /* end confdefs.h.  */
| #include <limits.h>
| 
| int
| main ()
| {
| #if ! (defined _LITTLE_ENDIAN || defined _BIG_ENDIAN)
| 	      bogus endian macros
| 	     #endif
| 
|   ;
|   return 0;
| }
configure:14487: gcc -m64 -o conftest -pipe -O2  -W -std=c89 -pedantic -Wall -Wextra -Wcast-align -Wnested-externs -Wshadow -Wstrict-prototypes -Wno-unused-function -Wno-long-long -Wno-overlength-strings -fvisibility=hidden -I/home/victor/viacore-viacoin/depends/x86_64-pc-linux-gnu/share/../include/  -L/home/victor/viacore-viacoin/depends/x86_64-pc-linux-gnu/share/../lib  conftest.c  >&5
conftest.c:69:1: warning: function declaration isn't a prototype [-Wstrict-prototypes]
 main ()
 ^
configure:14487: $? = 0
configure:14487: ./conftest
configure:14487: $? = 0
configure:14498: result: no
configure:14523: Using static precomputation: yes
configure:14525: Using assembly optimizations: x86_64
configure:14527: Using field implementation: 64bit
configure:14529: Using bignum implementation: no
configure:14531: Using scalar implementation: 64bit
configure:14533: Using endomorphism optimizations: no
configure:14535: Building ECDH module: no
configure:14537: Building ECDSA pubkey recovery module: yes
configure:14539: Using jni: no
configure:14757: checking that generated files are newer than configure
configure:14763: result: done
configure:14831: creating ./config.status

## ---------------------- ##
## Running config.status. ##
## ---------------------- ##

This file was extended by libsecp256k1 config.status 0.1, which was
generated by GNU Autoconf 2.69.  Invocation command line was

  CONFIG_FILES    = 
  CONFIG_HEADERS  = 
  CONFIG_LINKS    = 
  CONFIG_COMMANDS = 
  $ ./config.status 

on ubuntu

config.status:1138: creating Makefile
config.status:1138: creating libsecp256k1.pc
config.status:1138: creating src/libsecp256k1-config.h
config.status:1319: src/libsecp256k1-config.h is unchanged
config.status:1367: executing depfiles commands
config.status:1367: executing libtool commands

## ---------------- ##
## Cache variables. ##
## ---------------- ##

ac_cv_build=x86_64-unknown-linux-gnu
ac_cv_build_prog_CPP='gcc -E'
ac_cv_build_prog_cc_g=yes
ac_cv_c_bigendian=no
ac_cv_c_compiler_gnu=yes
ac_cv_env_CCASFLAGS_set=
ac_cv_env_CCASFLAGS_value=
ac_cv_env_CCAS_set=
ac_cv_env_CCAS_value=
ac_cv_env_CC_set=
ac_cv_env_CC_value=
ac_cv_env_CFLAGS_set=
ac_cv_env_CFLAGS_value=
ac_cv_env_CPPFLAGS_set=
ac_cv_env_CPPFLAGS_value=
ac_cv_env_CPP_set=
ac_cv_env_CPP_value=
ac_cv_env_CRYPTO_CFLAGS_set=
ac_cv_env_CRYPTO_CFLAGS_value=
ac_cv_env_CRYPTO_LIBS_set=
ac_cv_env_CRYPTO_LIBS_value=
ac_cv_env_LDFLAGS_set=
ac_cv_env_LDFLAGS_value=
ac_cv_env_LIBS_set=
ac_cv_env_LIBS_value=
ac_cv_env_PKG_CONFIG_LIBDIR_set=
ac_cv_env_PKG_CONFIG_LIBDIR_value=
ac_cv_env_PKG_CONFIG_PATH_set=
ac_cv_env_PKG_CONFIG_PATH_value=
ac_cv_env_PKG_CONFIG_set=
ac_cv_env_PKG_CONFIG_value=
ac_cv_env_build_alias_set=
ac_cv_env_build_alias_value=
ac_cv_env_host_alias_set=
ac_cv_env_host_alias_value=
ac_cv_env_target_alias_set=
ac_cv_env_target_alias_value=
ac_cv_header_dlfcn_h=yes
ac_cv_header_inttypes_h=yes
ac_cv_header_memory_h=yes
ac_cv_header_stdc=yes
ac_cv_header_stdint_h=yes
ac_cv_header_stdlib_h=yes
ac_cv_header_string_h=yes
ac_cv_header_strings_h=yes
ac_cv_header_sys_stat_h=yes
ac_cv_header_sys_types_h=yes
ac_cv_header_unistd_h=yes
ac_cv_host=x86_64-pc-linux-gnu
ac_cv_jni_header_path=/usr/lib/jvm/java-8-openjdk-amd64/include
ac_cv_lib_crypto_main=yes
ac_cv_objext=o
ac_cv_path_EGREP='/bin/grep -E'
ac_cv_path_FGREP='/bin/grep -F'
ac_cv_path_GREP=/bin/grep
ac_cv_path_PKG_CONFIG='/usr/bin/pkg-config --static'
ac_cv_path_SED=/bin/sed
ac_cv_path__ACJNI_JAVAC=/usr/bin/javac
ac_cv_path_ac_pt_AR=ar
ac_cv_path_ac_pt_NM=nm
ac_cv_path_ac_pt_RANLIB=ranlib
ac_cv_path_ac_pt_STRIP=/usr/bin/strip
ac_cv_path_install='/usr/bin/install -c'
ac_cv_path_mkdir=/bin/mkdir
ac_cv_prog_AR=ar
ac_cv_prog_AWK=gawk
ac_cv_prog_CC='gcc -m64'
ac_cv_prog_CPP='gcc -m64 -E'
ac_cv_prog_RANLIB=ranlib
ac_cv_prog_STRIP=strip
ac_cv_prog_ac_ct_CC_FOR_BUILD=gcc
ac_cv_prog_ac_ct_MANIFEST_TOOL=mt
ac_cv_prog_ac_ct_OBJDUMP=objdump
ac_cv_prog_ac_ct_STRIP=strip
ac_cv_prog_cc_c89=
ac_cv_prog_cc_g=yes
ac_cv_prog_make_make_set=yes
ac_cv_type___int128=yes
am_cv_CCAS_dependencies_compiler_type=gcc3
am_cv_CC_dependencies_compiler_type=gcc3
am_cv_make_support_nested_variables=yes
am_cv_prog_cc_c_o=yes
lt_cv_ar_at_file=@
lt_cv_deplibs_check_method=pass_all
lt_cv_file_magic_cmd='$MAGIC_CMD'
lt_cv_file_magic_test_file=
lt_cv_ld_reload_flag=-r
lt_cv_nm_interface='BSD nm'
lt_cv_objdir=.libs
lt_cv_path_LD=/usr/bin/ld
lt_cv_path_NM=nm
lt_cv_path_mainfest_tool=no
lt_cv_prog_compiler_c_o=yes
lt_cv_prog_compiler_pic='-fPIC -DPIC'
lt_cv_prog_compiler_pic_works=yes
lt_cv_prog_compiler_rtti_exceptions=no
lt_cv_prog_compiler_static_works=yes
lt_cv_prog_gnu_ld=yes
lt_cv_sharedlib_from_linklib_cmd='printf %s\n'
lt_cv_shlibpath_overrides_runpath=no
lt_cv_sys_global_symbol_pipe='sed -n -e '\''s/^.*[	 ]\([ABCDGIRSTW][ABCDGIRSTW]*\)[	 ][	 ]*\([_A-Za-z][_A-Za-z0-9]*\)$/\1 \2 \2/p'\'' | sed '\''/ __gnu_lto/d'\'''
lt_cv_sys_global_symbol_to_c_name_address='sed -n -e '\''s/^: \([^ ]*\)[ ]*$/  {\"\1\", (void *) 0},/p'\'' -e '\''s/^[ABCDGIRSTW]* \([^ ]*\) \([^ ]*\)$/  {"\2", (void *) \&\2},/p'\'''
lt_cv_sys_global_symbol_to_c_name_address_lib_prefix='sed -n -e '\''s/^: \([^ ]*\)[ ]*$/  {\"\1\", (void *) 0},/p'\'' -e '\''s/^[ABCDGIRSTW]* \([^ ]*\) \(lib[^ ]*\)$/  {"\2", (void *) \&\2},/p'\'' -e '\''s/^[ABCDGIRSTW]* \([^ ]*\) \([^ ]*\)$/  {"lib\2", (void *) \&\2},/p'\'''
lt_cv_sys_global_symbol_to_cdecl='sed -n -e '\''s/^T .* \(.*\)$/extern int \1();/p'\'' -e '\''s/^[ABCDGIRSTW]* .* \(.*\)$/extern char \1;/p'\'''
lt_cv_sys_max_cmd_len=1572864
lt_cv_to_host_file_cmd=func_convert_file_noop
lt_cv_to_tool_file_cmd=func_convert_file_noop
pkg_cv_CRYPTO_CFLAGS='-I/home/victor/viacore-viacoin/depends/x86_64-pc-linux-gnu/include  '
pkg_cv_CRYPTO_LIBS='-L/home/victor/viacore-viacoin/depends/x86_64-pc-linux-gnu/lib -lcrypto -ldl  '

## ----------------- ##
## Output variables. ##
## ----------------- ##

ACLOCAL='${SHELL} /home/victor/viacore-viacoin/src/secp256k1/build-aux/missing aclocal-1.14'
AMDEPBACKSLASH='\'
AMDEP_FALSE='#'
AMDEP_TRUE=''
AMTAR='$${TAR-tar}'
AM_BACKSLASH='\'
AM_DEFAULT_V='$(AM_DEFAULT_VERBOSITY)'
AM_DEFAULT_VERBOSITY='0'
AM_V='$(V)'
AR='ar'
AUTOCONF='${SHELL} /home/victor/viacore-viacoin/src/secp256k1/build-aux/missing autoconf'
AUTOHEADER='${SHELL} /home/victor/viacore-viacoin/src/secp256k1/build-aux/missing autoheader'
AUTOMAKE='${SHELL} /home/victor/viacore-viacoin/src/secp256k1/build-aux/missing automake-1.14'
AWK='gawk'
BREW=''
BUILD_EXEEXT=''
BUILD_OBJEXT=''
CC='gcc -m64'
CCAS='gcc -m64'
CCASDEPMODE='depmode=gcc3'
CCASFLAGS='-pipe -O2 '
CCDEPMODE='depmode=gcc3'
CC_FOR_BUILD='gcc'
CFLAGS='-pipe -O2  -W -std=c89 -pedantic -Wall -Wextra -Wcast-align -Wnested-externs -Wshadow -Wstrict-prototypes -Wno-unused-function -Wno-long-long -Wno-overlength-strings -fvisibility=hidden'
CFLAGS_FOR_BUILD='-g -O2'
CPP='gcc -m64 -E'
CPPFLAGS='-I/home/victor/viacore-viacoin/depends/x86_64-pc-linux-gnu/share/../include/ '
CPPFLAGS_FOR_BUILD=''
CPP_FOR_BUILD='gcc -E'
CRYPTO_CFLAGS='-I/home/victor/viacore-viacoin/depends/x86_64-pc-linux-gnu/include  '
CRYPTO_LIBS='-L/home/victor/viacore-viacoin/depends/x86_64-pc-linux-gnu/lib -lcrypto -ldl  '
CYGPATH_W='echo'
DEFS='-DHAVE_CONFIG_H'
DEPDIR='.deps'
DLLTOOL='false'
DSYMUTIL=''
DUMPBIN=''
ECHO_C=''
ECHO_N='-n'
ECHO_T=''
EGREP='/bin/grep -E'
ENABLE_MODULE_ECDH_FALSE=''
ENABLE_MODULE_ECDH_TRUE='#'
ENABLE_MODULE_RECOVERY_FALSE='#'
ENABLE_MODULE_RECOVERY_TRUE=''
EXEEXT=''
FGREP='/bin/grep -F'
GREP='/bin/grep'
INSTALL_DATA='${INSTALL} -m 644'
INSTALL_PROGRAM='${INSTALL}'
INSTALL_SCRIPT='${INSTALL}'
INSTALL_STRIP_PROGRAM='$(install_sh) -c -s'
JNI_INCLUDES=''
LD='/usr/bin/ld -m elf_x86_64'
LDFLAGS='-L/home/victor/viacore-viacoin/depends/x86_64-pc-linux-gnu/share/../lib '
LDFLAGS_FOR_BUILD=''
LIBOBJS=''
LIBS=''
LIBTOOL='$(SHELL) $(top_builddir)/libtool'
LIPO=''
LN_S='ln -s'
LTLIBOBJS=''
MAKEINFO='${SHELL} /home/victor/viacore-viacoin/src/secp256k1/build-aux/missing makeinfo'
MANIFEST_TOOL=':'
MKDIR_P='/bin/mkdir -p'
NM='nm'
NMEDIT=''
OBJDUMP='objdump'
OBJEXT='o'
OTOOL64=''
OTOOL=''
PACKAGE='libsecp256k1'
PACKAGE_BUGREPORT=''
PACKAGE_NAME='libsecp256k1'
PACKAGE_STRING='libsecp256k1 0.1'
PACKAGE_TARNAME='libsecp256k1'
PACKAGE_URL=''
PACKAGE_VERSION='0.1'
PATH_SEPARATOR=':'
PKG_CONFIG='/usr/bin/pkg-config --static'
PKG_CONFIG_LIBDIR='/home/victor/viacore-viacoin/depends/x86_64-pc-linux-gnu/share/../lib/pkgconfig'
PKG_CONFIG_PATH='/home/victor/viacore-viacoin/depends/x86_64-pc-linux-gnu/share/../share/pkgconfig'
PORT=''
RANLIB='ranlib'
SECP_INCLUDES=''
SECP_LIBS=''
SECP_TEST_INCLUDES=' -I/home/victor/viacore-viacoin/depends/x86_64-pc-linux-gnu/include  '
SECP_TEST_LIBS='-L/home/victor/viacore-viacoin/depends/x86_64-pc-linux-gnu/lib -lcrypto -ldl  '
SED='/bin/sed'
SET_MAKE=''
SHELL='/bin/bash'
STRIP='/usr/bin/strip'
USE_ASM_ARM_FALSE=''
USE_ASM_ARM_TRUE='#'
USE_BENCHMARK_FALSE=''
USE_BENCHMARK_TRUE='#'
USE_ECMULT_STATIC_PRECOMPUTATION_FALSE='#'
USE_ECMULT_STATIC_PRECOMPUTATION_TRUE=''
USE_EXHAUSTIVE_TESTS_FALSE='#'
USE_EXHAUSTIVE_TESTS_TRUE=''
USE_EXTERNAL_ASM_FALSE=''
USE_EXTERNAL_ASM_TRUE='#'
USE_JNI_FALSE=''
USE_JNI_TRUE='#'
USE_TESTS_FALSE='#'
USE_TESTS_TRUE=''
VERSION='0.1'
_ACJNI_JAVAC='/usr/bin/javac'
ac_ct_AR=''
ac_ct_CC=''
ac_ct_CC_FOR_BUILD='gcc'
ac_ct_DUMPBIN=''
am__EXEEXT_FALSE=''
am__EXEEXT_TRUE='#'
am__fastdepCCAS_FALSE='#'
am__fastdepCCAS_TRUE=''
am__fastdepCC_FALSE='#'
am__fastdepCC_TRUE=''
am__include='include'
am__isrc=''
am__leading_dot='.'
am__nodep='_no'
am__quote=''
am__tar='$${TAR-tar} chof - "$$tardir"'
am__untar='$${TAR-tar} xf -'
bindir='${exec_prefix}/bin'
build='x86_64-unknown-linux-gnu'
build_alias=''
build_cpu='x86_64'
build_os='linux-gnu'
build_vendor='unknown'
datadir='${datarootdir}'
datarootdir='${prefix}/share'
docdir='${datarootdir}/doc/${PACKAGE_TARNAME}'
dvidir='${docdir}'
exec_prefix='${prefix}'
host='x86_64-pc-linux-gnu'
host_alias='x86_64-pc-linux-gnu'
host_cpu='x86_64'
host_os='linux-gnu'
host_vendor='pc'
htmldir='${docdir}'
includedir='${prefix}/include'
infodir='${datarootdir}/info'
install_sh='${SHELL} /home/victor/viacore-viacoin/src/secp256k1/build-aux/install-sh'
libdir='${exec_prefix}/lib'
libexecdir='${exec_prefix}/libexec'
localedir='${datarootdir}/locale'
localstatedir='${prefix}/var'
mandir='${datarootdir}/man'
mkdir_p='$(MKDIR_P)'
oldincludedir='/usr/include'
pdfdir='${docdir}'
prefix='/home/victor/viacore-viacoin/depends/x86_64-pc-linux-gnu'
program_transform_name='s,x,x,'
psdir='${docdir}'
sbindir='${exec_prefix}/sbin'
sharedstatedir='${prefix}/com'
sysconfdir='${prefix}/etc'
target_alias=''

## ----------- ##
## confdefs.h. ##
## ----------- ##

/* confdefs.h */
#define PACKAGE_NAME "libsecp256k1"
#define PACKAGE_TARNAME "libsecp256k1"
#define PACKAGE_VERSION "0.1"
#define PACKAGE_STRING "libsecp256k1 0.1"
#define PACKAGE_BUGREPORT ""
#define PACKAGE_URL ""
#define PACKAGE "libsecp256k1"
#define VERSION "0.1"
#define STDC_HEADERS 1
#define HAVE_SYS_TYPES_H 1
#define HAVE_SYS_STAT_H 1
#define HAVE_STDLIB_H 1
#define HAVE_STRING_H 1
#define HAVE_MEMORY_H 1
#define HAVE_STRINGS_H 1
#define HAVE_INTTYPES_H 1
#define HAVE_STDINT_H 1
#define HAVE_UNISTD_H 1
#define HAVE_DLFCN_H 1
#define LT_OBJDIR ".libs/"
#define HAVE___INT128 1
#define HAVE_BUILTIN_EXPECT 1
#define USE_ASM_X86_64 1
#define USE_FIELD_5X52 1
#define USE_NUM_NONE 1
#define USE_FIELD_INV_BUILTIN 1
#define USE_SCALAR_INV_BUILTIN 1
#define USE_SCALAR_4X64 1
#define HAVE_LIBCRYPTO 1
#define ENABLE_OPENSSL_TESTS 1
#define USE_ECMULT_STATIC_PRECOMPUTATION 1
#define ENABLE_MODULE_RECOVERY 1

configure: exit 0
